This is pdfTeX, Version 3.141592653-2.6-1.40.24 (MiKTeX 23.1) (preloaded format=pdflatex 2023.11.29)  12 DEC 2023 14:22
entering extended mode
 restricted \write18 enabled.
 %&-line parsing enabled.
**./motion.tex
(motion.tex
LaTeX2e <2023-11-01>
L3 programming layer <2023-11-09>
(/home/user1/.miktex/texmfs/install/tex/latex/exam/exam.cls
Document Class: exam 2023/07/09 Version 2.704 by Philip Hirschhorn
(/home/user1/.miktex/texmfs/install/tex/latex/base/ifthen.sty
Package: ifthen 2022/04/13 v1.1d Standard LaTeX ifthen package (DPC)
)
(/home/user1/.miktex/texmfs/install/tex/latex/base/article.cls
Document Class: article 2023/05/17 v1.4n Standard LaTeX document class
(/home/user1/.miktex/texmfs/install/tex/latex/base/size12.clo
File: size12.clo 2023/05/17 v1.4n Standard LaTeX file (size option)
)
\c@part=\count186
\c@section=\count187
\c@subsection=\count188
\c@subsubsection=\count189
\c@paragraph=\count190
\c@subparagraph=\count191
\c@figure=\count192
\c@table=\count193
\abovecaptionskip=\skip48
\belowcaptionskip=\skip49
\bibindent=\dimen140
)
\@extrawidth=\skip50
\@rightmargin=\skip51
\@extrahead=\skip52
\@extrafoot=\skip53
\run@exhd=\skip54
\fp@exhd=\skip55
\run@exft=\skip56
\fp@exft=\skip57
\covrun@exhd=\skip58
\covfp@exhd=\skip59
\covrun@exft=\skip60
\covfp@exft=\skip61
\c@num@coverpages=\count194
\c@latest@ques=\count195
\c@ques@end=\count196
\c@last@object=\count197
\c@incmp@ques=\count198
\c@next@ques=\count199
\c@next@page=\count266
\c@tmp@hlfcntr=\count267
\c@ifpos@cntr=\count268
\c@question=\count269
\c@partno=\count270
\c@subpart=\count271
\c@subsubpart=\count272
\c@choice=\count273
\c@numpoints=\count274
\c@numbonuspoints=\count275
\c@pointsof@thisquestion=\count276
\c@bonuspointsof@thisquestion=\count277
\c@numquestions=\count278
\c@numparts=\count279
\c@numsubparts=\count280
\c@numsubsubparts=\count281
\c@Curr@Page=\count282
\c@@pagepoints=\count283
\c@@pagebonuspoints=\count284
\c@pageof@pagepoints=\count285
\c@pageof@pagebonuspoints=\count286
\c@latest@points=\count287
\c@latest@bonuspoints=\count288
\pageinfo@commands=\toks17
\temp@toks=\toks18
\pagepoint@commands=\toks19
\point@toks=\toks20
\c@ques@object=\count289
\marginpointssep=\skip62
\rightpointsmargin=\skip63
\choice@toks=\toks21
\answerlinelength=\skip64
\answerskip=\skip65
\answerclearance=\skip66
\fillinlinelength=\skip67
\linefillheight=\skip68
\linefillthickness=\skip69
\dottedlinefillheight=\skip70
\gridsize=\skip71
\gridlinewidth=\skip72
\minboxheight=\skip73
\c@@iterator=\count290
\@cellwidth=\skip74
\c@tbl@points=\count291
\c@tbl@bonuspoints=\count292
\c@pq@index=\count293
\c@pq@index@pts=\count294
\c@pq@index@bpts=\count295
\c@num@cols=\count296
\c@num@rows=\count297
\c@current@row=\count298
\c@cols@done=\count299
\c@exam@saved@eqnum=\count300
\exam@box=\box51
\saved@totalleftmargin=\dimen141
\@sollistdepth=\count301
\exam@FrameRule=\dimen142
\exam@FrameSep=\dimen143
)
(/home/user1/.miktex/texmfs/install/tex/latex/enumitem/enumitem.sty
Package: enumitem 2019/06/20 v3.9 Customized lists
\enitkv@toks@=\toks22
\labelindent=\skip75
\enit@outerparindent=\dimen144
\enit@toks=\toks23
\enit@inbox=\box52
\enit@count@id=\count302
\enitdp@description=\count303
)
(/home/user1/.miktex/texmfs/install/tex/latex/amsfonts/amsfonts.sty
Package: amsfonts 2013/01/14 v3.01 Basic AMSFonts support
\@emptytoks=\toks24
\symAMSa=\mathgroup4
\symAMSb=\mathgroup5
LaTeX Font Info:    Redeclaring math symbol \hbar on input line 98.
LaTeX Font Info:    Overwriting math alphabet `\mathfrak' in version `bold'
(Font)                  U/euf/m/n --> U/euf/b/n on input line 106.
)
(/home/user1/.miktex/texmfs/install/tex/latex/amsfonts/amssymb.sty
Package: amssymb 2013/01/14 v3.01 AMS font symbols
)
(/home/user1/.miktex/texmfs/install/tex/latex/amsmath/amsmath.sty
Package: amsmath 2023/05/13 v2.17o AMS math features
\@mathmargin=\skip76

For additional information on amsmath, use the `?' option.
(/home/user1/.miktex/texmfs/install/tex/latex/amsmath/amstext.sty
Package: amstext 2021/08/26 v2.01 AMS text

(/home/user1/.miktex/texmfs/install/tex/latex/amsmath/amsgen.sty
File: amsgen.sty 1999/11/30 v2.0 generic functions
\@emptytoks=\toks25
\ex@=\dimen145
))
(/home/user1/.miktex/texmfs/install/tex/latex/amsmath/amsbsy.sty
Package: amsbsy 1999/11/29 v1.2d Bold Symbols
\pmbraise@=\dimen146
)
(/home/user1/.miktex/texmfs/install/tex/latex/amsmath/amsopn.sty
Package: amsopn 2022/04/08 v2.04 operator names
)
\inf@bad=\count304
LaTeX Info: Redefining \frac on input line 234.
\uproot@=\count305
\leftroot@=\count306
LaTeX Info: Redefining \overline on input line 399.
LaTeX Info: Redefining \colon on input line 410.
\classnum@=\count307
\DOTSCASE@=\count308
LaTeX Info: Redefining \ldots on input line 496.
LaTeX Info: Redefining \dots on input line 499.
LaTeX Info: Redefining \cdots on input line 620.
\Mathstrutbox@=\box53
\strutbox@=\box54
LaTeX Info: Redefining \big on input line 722.
LaTeX Info: Redefining \Big on input line 723.
LaTeX Info: Redefining \bigg on input line 724.
LaTeX Info: Redefining \Bigg on input line 725.
\big@size=\dimen147
LaTeX Font Info:    Redeclaring font encoding OML on input line 743.
LaTeX Font Info:    Redeclaring font encoding OMS on input line 744.
\macc@depth=\count309
LaTeX Info: Redefining \bmod on input line 905.
LaTeX Info: Redefining \pmod on input line 910.
LaTeX Info: Redefining \smash on input line 940.
LaTeX Info: Redefining \relbar on input line 970.
LaTeX Info: Redefining \Relbar on input line 971.
\c@MaxMatrixCols=\count310
\dotsspace@=\muskip16
\c@parentequation=\count311
\dspbrk@lvl=\count312
\tag@help=\toks26
\row@=\count313
\column@=\count314
\maxfields@=\count315
\andhelp@=\toks27
\eqnshift@=\dimen148
\alignsep@=\dimen149
\tagshift@=\dimen150
\tagwidth@=\dimen151
\totwidth@=\dimen152
\lineht@=\dimen153
\@envbody=\toks28
\multlinegap=\skip77
\multlinetaggap=\skip78
\mathdisplay@stack=\toks29
LaTeX Info: Redefining \[ on input line 2953.
LaTeX Info: Redefining \] on input line 2954.
)
(/home/user1/.miktex/texmfs/install/tex/latex/amscls/amsthm.sty
Package: amsthm 2020/05/29 v2.20.6
\thm@style=\toks30
\thm@bodyfont=\toks31
\thm@headfont=\toks32
\thm@notefont=\toks33
\thm@headpunct=\toks34
\thm@preskip=\skip79
\thm@postskip=\skip80
\thm@headsep=\skip81
\dth@everypar=\toks35
)
(/home/user1/.miktex/texmfs/install/tex/latex/graphics/graphicx.sty
Package: graphicx 2021/09/16 v1.2d Enhanced LaTeX Graphics (DPC,SPQR)

(/home/user1/.miktex/texmfs/install/tex/latex/graphics/keyval.sty
Package: keyval 2022/05/29 v1.15 key=value parser (DPC)
\KV@toks@=\toks36
)
(/home/user1/.miktex/texmfs/install/tex/latex/graphics/graphics.sty
Package: graphics 2022/03/10 v1.4e Standard LaTeX Graphics (DPC,SPQR)

(/home/user1/.miktex/texmfs/install/tex/latex/graphics/trig.sty
Package: trig 2021/08/11 v1.11 sin cos tan (DPC)
)
(/home/user1/.miktex/texmfs/install/tex/latex/graphics-cfg/graphics.cfg
File: graphics.cfg 2016/06/04 v1.11 sample graphics configuration
)
Package graphics Info: Driver file: pdftex.def on input line 107.

(/home/user1/.miktex/texmfs/install/tex/latex/graphics-def/pdftex.def
File: pdftex.def 2022/09/22 v1.2b Graphics/color driver for pdftex
))
\Gin@req@height=\dimen154
\Gin@req@width=\dimen155
)
(/home/user1/.miktex/texmfs/install/tex/latex/systeme/systeme.sty
(/home/user1/.miktex/texmfs/install/tex/latex/xstring/xstring.sty
(/home/user1/.miktex/texmfs/install/tex/generic/xstring/xstring.tex
\xs_counta=\count316
\xs_countb=\count317
)
Package: xstring 2023/08/22 v1.86 String manipulations (CT)
)
(/home/user1/.miktex/texmfs/install/tex/generic/systeme/systeme.tex
\SYS_systemecode=\toks37
\SYS_systempreamble=\toks38
\SYSeqnum=\count318
)
Package: systeme 2020/05/03 v0.34 Mise en forme de systemes d'equations (CT)
)
(/home/user1/.miktex/texmfs/install/tex/latex/pgf/basiclayer/pgf.sty
(/home/user1/.miktex/texmfs/install/tex/latex/pgf/utilities/pgfrcs.sty
(/home/user1/.miktex/texmfs/install/tex/generic/pgf/utilities/pgfutil-common.te
x
\pgfutil@everybye=\toks39
\pgfutil@tempdima=\dimen156
\pgfutil@tempdimb=\dimen157
)
(/home/user1/.miktex/texmfs/install/tex/generic/pgf/utilities/pgfutil-latex.def
\pgfutil@abb=\box55
) (/home/user1/.miktex/texmfs/install/tex/generic/pgf/utilities/pgfrcs.code.tex
(/home/user1/.miktex/texmfs/install/tex/generic/pgf/pgf.revision.tex)
Package: pgfrcs 2023-01-15 v3.1.10 (3.1.10)
))
Package: pgf 2023-01-15 v3.1.10 (3.1.10)

(/home/user1/.miktex/texmfs/install/tex/latex/pgf/basiclayer/pgfcore.sty
(/home/user1/.miktex/texmfs/install/tex/latex/pgf/systemlayer/pgfsys.sty
(/home/user1/.miktex/texmfs/install/tex/generic/pgf/systemlayer/pgfsys.code.tex
Package: pgfsys 2023-01-15 v3.1.10 (3.1.10)
(/home/user1/.miktex/texmfs/install/tex/generic/pgf/utilities/pgfkeys.code.tex
\pgfkeys@pathtoks=\toks40
\pgfkeys@temptoks=\toks41

(/home/user1/.miktex/texmfs/install/tex/generic/pgf/utilities/pgfkeyslibraryfil
tered.code.tex
\pgfkeys@tmptoks=\toks42
))
\pgf@x=\dimen158
\pgf@y=\dimen159
\pgf@xa=\dimen160
\pgf@ya=\dimen161
\pgf@xb=\dimen162
\pgf@yb=\dimen163
\pgf@xc=\dimen164
\pgf@yc=\dimen165
\pgf@xd=\dimen166
\pgf@yd=\dimen167
\w@pgf@writea=\write3
\r@pgf@reada=\read2
\c@pgf@counta=\count319
\c@pgf@countb=\count320
\c@pgf@countc=\count321
\c@pgf@countd=\count322
\t@pgf@toka=\toks43
\t@pgf@tokb=\toks44
\t@pgf@tokc=\toks45
\pgf@sys@id@count=\count323

(/home/user1/.miktex/texmfs/install/tex/generic/pgf/systemlayer/pgf.cfg
File: pgf.cfg 2023-01-15 v3.1.10 (3.1.10)
)
Driver file for pgf: pgfsys-pdftex.def

(/home/user1/.miktex/texmfs/install/tex/generic/pgf/systemlayer/pgfsys-pdftex.d
ef
File: pgfsys-pdftex.def 2023-01-15 v3.1.10 (3.1.10)

(/home/user1/.miktex/texmfs/install/tex/generic/pgf/systemlayer/pgfsys-common-p
df.def
File: pgfsys-common-pdf.def 2023-01-15 v3.1.10 (3.1.10)
)))
(/home/user1/.miktex/texmfs/install/tex/generic/pgf/systemlayer/pgfsyssoftpath.
code.tex
File: pgfsyssoftpath.code.tex 2023-01-15 v3.1.10 (3.1.10)
\pgfsyssoftpath@smallbuffer@items=\count324
\pgfsyssoftpath@bigbuffer@items=\count325
)
(/home/user1/.miktex/texmfs/install/tex/generic/pgf/systemlayer/pgfsysprotocol.
code.tex
File: pgfsysprotocol.code.tex 2023-01-15 v3.1.10 (3.1.10)
)) (/home/user1/.miktex/texmfs/install/tex/latex/xcolor/xcolor.sty
Package: xcolor 2023/11/15 v3.01 LaTeX color extensions (UK)

(/home/user1/.miktex/texmfs/install/tex/latex/graphics-cfg/color.cfg
File: color.cfg 2016/01/02 v1.6 sample color configuration
)
Package xcolor Info: Driver file: pdftex.def on input line 274.

(/home/user1/.miktex/texmfs/install/tex/latex/graphics/mathcolor.ltx)
Package xcolor Info: Model `cmy' substituted by `cmy0' on input line 1350.
Package xcolor Info: Model `hsb' substituted by `rgb' on input line 1354.
Package xcolor Info: Model `RGB' extended on input line 1366.
Package xcolor Info: Model `HTML' substituted by `rgb' on input line 1368.
Package xcolor Info: Model `Hsb' substituted by `hsb' on input line 1369.
Package xcolor Info: Model `tHsb' substituted by `hsb' on input line 1370.
Package xcolor Info: Model `HSB' substituted by `hsb' on input line 1371.
Package xcolor Info: Model `Gray' substituted by `gray' on input line 1372.
Package xcolor Info: Model `wave' substituted by `hsb' on input line 1373.
)
(/home/user1/.miktex/texmfs/install/tex/generic/pgf/basiclayer/pgfcore.code.tex
Package: pgfcore 2023-01-15 v3.1.10 (3.1.10)
(/home/user1/.miktex/texmfs/install/tex/generic/pgf/math/pgfmath.code.tex
(/home/user1/.miktex/texmfs/install/tex/generic/pgf/math/pgfmathutil.code.tex)
(/home/user1/.miktex/texmfs/install/tex/generic/pgf/math/pgfmathparser.code.tex
\pgfmath@dimen=\dimen168
\pgfmath@count=\count326
\pgfmath@box=\box56
\pgfmath@toks=\toks46
\pgfmath@stack@operand=\toks47
\pgfmath@stack@operation=\toks48
)
(/home/user1/.miktex/texmfs/install/tex/generic/pgf/math/pgfmathfunctions.code.
tex)
(/home/user1/.miktex/texmfs/install/tex/generic/pgf/math/pgfmathfunctions.basic
.code.tex)
(/home/user1/.miktex/texmfs/install/tex/generic/pgf/math/pgfmathfunctions.trigo
nometric.code.tex)
(/home/user1/.miktex/texmfs/install/tex/generic/pgf/math/pgfmathfunctions.rando
m.code.tex)
(/home/user1/.miktex/texmfs/install/tex/generic/pgf/math/pgfmathfunctions.compa
rison.code.tex)
(/home/user1/.miktex/texmfs/install/tex/generic/pgf/math/pgfmathfunctions.base.
code.tex)
(/home/user1/.miktex/texmfs/install/tex/generic/pgf/math/pgfmathfunctions.round
.code.tex)
(/home/user1/.miktex/texmfs/install/tex/generic/pgf/math/pgfmathfunctions.misc.
code.tex)
(/home/user1/.miktex/texmfs/install/tex/generic/pgf/math/pgfmathfunctions.integ
erarithmetics.code.tex)
(/home/user1/.miktex/texmfs/install/tex/generic/pgf/math/pgfmathcalc.code.tex)
(/home/user1/.miktex/texmfs/install/tex/generic/pgf/math/pgfmathfloat.code.tex
\c@pgfmathroundto@lastzeros=\count327
)) (/home/user1/.miktex/texmfs/install/tex/generic/pgf/math/pgfint.code.tex)
(/home/user1/.miktex/texmfs/install/tex/generic/pgf/basiclayer/pgfcorepoints.co
de.tex
File: pgfcorepoints.code.tex 2023-01-15 v3.1.10 (3.1.10)
\pgf@picminx=\dimen169
\pgf@picmaxx=\dimen170
\pgf@picminy=\dimen171
\pgf@picmaxy=\dimen172
\pgf@pathminx=\dimen173
\pgf@pathmaxx=\dimen174
\pgf@pathminy=\dimen175
\pgf@pathmaxy=\dimen176
\pgf@xx=\dimen177
\pgf@xy=\dimen178
\pgf@yx=\dimen179
\pgf@yy=\dimen180
\pgf@zx=\dimen181
\pgf@zy=\dimen182
)
(/home/user1/.miktex/texmfs/install/tex/generic/pgf/basiclayer/pgfcorepathconst
ruct.code.tex
File: pgfcorepathconstruct.code.tex 2023-01-15 v3.1.10 (3.1.10)
\pgf@path@lastx=\dimen183
\pgf@path@lasty=\dimen184
)
(/home/user1/.miktex/texmfs/install/tex/generic/pgf/basiclayer/pgfcorepathusage
.code.tex
File: pgfcorepathusage.code.tex 2023-01-15 v3.1.10 (3.1.10)
\pgf@shorten@end@additional=\dimen185
\pgf@shorten@start@additional=\dimen186
)
(/home/user1/.miktex/texmfs/install/tex/generic/pgf/basiclayer/pgfcorescopes.co
de.tex
File: pgfcorescopes.code.tex 2023-01-15 v3.1.10 (3.1.10)
\pgfpic=\box57
\pgf@hbox=\box58
\pgf@layerbox@main=\box59
\pgf@picture@serial@count=\count328
)
(/home/user1/.miktex/texmfs/install/tex/generic/pgf/basiclayer/pgfcoregraphicst
ate.code.tex
File: pgfcoregraphicstate.code.tex 2023-01-15 v3.1.10 (3.1.10)
\pgflinewidth=\dimen187
)
(/home/user1/.miktex/texmfs/install/tex/generic/pgf/basiclayer/pgfcoretransform
ations.code.tex
File: pgfcoretransformations.code.tex 2023-01-15 v3.1.10 (3.1.10)
\pgf@pt@x=\dimen188
\pgf@pt@y=\dimen189
\pgf@pt@temp=\dimen190
)
(/home/user1/.miktex/texmfs/install/tex/generic/pgf/basiclayer/pgfcorequick.cod
e.tex
File: pgfcorequick.code.tex 2023-01-15 v3.1.10 (3.1.10)
)
(/home/user1/.miktex/texmfs/install/tex/generic/pgf/basiclayer/pgfcoreobjects.c
ode.tex
File: pgfcoreobjects.code.tex 2023-01-15 v3.1.10 (3.1.10)
)
(/home/user1/.miktex/texmfs/install/tex/generic/pgf/basiclayer/pgfcorepathproce
ssing.code.tex
File: pgfcorepathprocessing.code.tex 2023-01-15 v3.1.10 (3.1.10)
)
(/home/user1/.miktex/texmfs/install/tex/generic/pgf/basiclayer/pgfcorearrows.co
de.tex
File: pgfcorearrows.code.tex 2023-01-15 v3.1.10 (3.1.10)
\pgfarrowsep=\dimen191
)
(/home/user1/.miktex/texmfs/install/tex/generic/pgf/basiclayer/pgfcoreshade.cod
e.tex
File: pgfcoreshade.code.tex 2023-01-15 v3.1.10 (3.1.10)
\pgf@max=\dimen192
\pgf@sys@shading@range@num=\count329
\pgf@shadingcount=\count330
)
(/home/user1/.miktex/texmfs/install/tex/generic/pgf/basiclayer/pgfcoreimage.cod
e.tex
File: pgfcoreimage.code.tex 2023-01-15 v3.1.10 (3.1.10)
)
(/home/user1/.miktex/texmfs/install/tex/generic/pgf/basiclayer/pgfcoreexternal.
code.tex
File: pgfcoreexternal.code.tex 2023-01-15 v3.1.10 (3.1.10)
\pgfexternal@startupbox=\box60
)
(/home/user1/.miktex/texmfs/install/tex/generic/pgf/basiclayer/pgfcorelayers.co
de.tex
File: pgfcorelayers.code.tex 2023-01-15 v3.1.10 (3.1.10)
)
(/home/user1/.miktex/texmfs/install/tex/generic/pgf/basiclayer/pgfcoretranspare
ncy.code.tex
File: pgfcoretransparency.code.tex 2023-01-15 v3.1.10 (3.1.10)
)
(/home/user1/.miktex/texmfs/install/tex/generic/pgf/basiclayer/pgfcorepatterns.
code.tex
File: pgfcorepatterns.code.tex 2023-01-15 v3.1.10 (3.1.10)
)
(/home/user1/.miktex/texmfs/install/tex/generic/pgf/basiclayer/pgfcorerdf.code.
tex
File: pgfcorerdf.code.tex 2023-01-15 v3.1.10 (3.1.10)
)))
(/home/user1/.miktex/texmfs/install/tex/generic/pgf/modules/pgfmoduleshapes.cod
e.tex
File: pgfmoduleshapes.code.tex 2023-01-15 v3.1.10 (3.1.10)
\pgfnodeparttextbox=\box61
)
(/home/user1/.miktex/texmfs/install/tex/generic/pgf/modules/pgfmoduleplot.code.
tex
File: pgfmoduleplot.code.tex 2023-01-15 v3.1.10 (3.1.10)
)
(/home/user1/.miktex/texmfs/install/tex/latex/pgf/compatibility/pgfcomp-version
-0-65.sty
Package: pgfcomp-version-0-65 2023-01-15 v3.1.10 (3.1.10)
\pgf@nodesepstart=\dimen193
\pgf@nodesepend=\dimen194
)
(/home/user1/.miktex/texmfs/install/tex/latex/pgf/compatibility/pgfcomp-version
-1-18.sty
Package: pgfcomp-version-1-18 2023-01-15 v3.1.10 (3.1.10)
))
(/home/user1/.miktex/texmfs/install/tex/latex/pgf/frontendlayer/tikz.sty
(/home/user1/.miktex/texmfs/install/tex/latex/pgf/utilities/pgffor.sty
(/home/user1/.miktex/texmfs/install/tex/latex/pgf/utilities/pgfkeys.sty
(/home/user1/.miktex/texmfs/install/tex/generic/pgf/utilities/pgfkeys.code.tex)
) (/home/user1/.miktex/texmfs/install/tex/latex/pgf/math/pgfmath.sty
(/home/user1/.miktex/texmfs/install/tex/generic/pgf/math/pgfmath.code.tex))
(/home/user1/.miktex/texmfs/install/tex/generic/pgf/utilities/pgffor.code.tex
Package: pgffor 2023-01-15 v3.1.10 (3.1.10)
\pgffor@iter=\dimen195
\pgffor@skip=\dimen196
\pgffor@stack=\toks49
\pgffor@toks=\toks50
))
(/home/user1/.miktex/texmfs/install/tex/generic/pgf/frontendlayer/tikz/tikz.cod
e.tex
Package: tikz 2023-01-15 v3.1.10 (3.1.10)

(/home/user1/.miktex/texmfs/install/tex/generic/pgf/libraries/pgflibraryplothan
dlers.code.tex
File: pgflibraryplothandlers.code.tex 2023-01-15 v3.1.10 (3.1.10)
\pgf@plot@mark@count=\count331
\pgfplotmarksize=\dimen197
)
\tikz@lastx=\dimen198
\tikz@lasty=\dimen199
\tikz@lastxsaved=\dimen256
\tikz@lastysaved=\dimen257
\tikz@lastmovetox=\dimen258
\tikz@lastmovetoy=\dimen259
\tikzleveldistance=\dimen260
\tikzsiblingdistance=\dimen261
\tikz@figbox=\box62
\tikz@figbox@bg=\box63
\tikz@tempbox=\box64
\tikz@tempbox@bg=\box65
\tikztreelevel=\count332
\tikznumberofchildren=\count333
\tikznumberofcurrentchild=\count334
\tikz@fig@count=\count335

(/home/user1/.miktex/texmfs/install/tex/generic/pgf/modules/pgfmodulematrix.cod
e.tex
File: pgfmodulematrix.code.tex 2023-01-15 v3.1.10 (3.1.10)
\pgfmatrixcurrentrow=\count336
\pgfmatrixcurrentcolumn=\count337
\pgf@matrix@numberofcolumns=\count338
)
\tikz@expandcount=\count339

(/home/user1/.miktex/texmfs/install/tex/generic/pgf/frontendlayer/tikz/librarie
s/tikzlibrarytopaths.code.tex
File: tikzlibrarytopaths.code.tex 2023-01-15 v3.1.10 (3.1.10)
)))
(/home/user1/.miktex/texmfs/install/tex/latex/pgfplots/pgfplots.sty
(/home/user1/.miktex/texmfs/install/tex/generic/pgfplots/pgfplots.revision.tex)
Package: pgfplots 2021/05/15 v1.18.1 Data Visualization (1.18.1)
(/home/user1/.miktex/texmfs/install/tex/generic/pgfplots/pgfplots.code.tex
(/home/user1/.miktex/texmfs/install/tex/generic/pgfplots/pgfplotscore.code.tex
\t@pgfplots@toka=\toks51
\t@pgfplots@tokb=\toks52
\t@pgfplots@tokc=\toks53
\pgfplots@tmpa=\dimen262
\c@pgfplots@coordindex=\count340
\c@pgfplots@scanlineindex=\count341

(/home/user1/.miktex/texmfs/install/tex/generic/pgfplots/sys/pgfplotssysgeneric
.code.tex))
(/home/user1/.miktex/texmfs/install/tex/generic/pgfplots/libs/pgfplotslibrary.c
ode.tex)
(/home/user1/.miktex/texmfs/install/tex/generic/pgfplots/oldpgfcompatib/pgfplot
soldpgfsupp_loader.code.tex
(/home/user1/.miktex/texmfs/install/tex/generic/pgf/libraries/pgflibraryfpu.cod
e.tex)
Package pgfplots: loading complementary utilities for your pgf version...
\t@pgf@toka=\toks54
\t@pgf@tokb=\toks55
\t@pgf@tokc=\toks56

(/home/user1/.miktex/texmfs/install/tex/generic/pgfplots/oldpgfcompatib/pgfplot
soldpgfsupp_pgfutil-common-lists.tex))
(/home/user1/.miktex/texmfs/install/tex/generic/pgfplots/util/pgfplotsutil.code
.tex
(/home/user1/.miktex/texmfs/install/tex/generic/pgfplots/liststructure/pgfplots
liststructure.code.tex)
(/home/user1/.miktex/texmfs/install/tex/generic/pgfplots/liststructure/pgfplots
liststructureext.code.tex)
(/home/user1/.miktex/texmfs/install/tex/generic/pgfplots/liststructure/pgfplots
array.code.tex
\c@pgfplotsarray@tmp=\count342
)
(/home/user1/.miktex/texmfs/install/tex/generic/pgfplots/liststructure/pgfplots
matrix.code.tex)
(/home/user1/.miktex/texmfs/install/tex/generic/pgfplots/numtable/pgfplotstable
shared.code.tex
\c@pgfplotstable@counta=\count343
\t@pgfplotstable@a=\toks57
)
(/home/user1/.miktex/texmfs/install/tex/generic/pgfplots/liststructure/pgfplots
deque.code.tex)
(/home/user1/.miktex/texmfs/install/tex/generic/pgfplots/util/pgfplotsbinary.co
de.tex
(/home/user1/.miktex/texmfs/install/tex/generic/pgfplots/util/pgfplotsbinary.da
ta.code.tex))
(/home/user1/.miktex/texmfs/install/tex/generic/pgfplots/util/pgfplotsutil.verb
.code.tex)
(/home/user1/.miktex/texmfs/install/tex/generic/pgfplots/libs/pgflibrarypgfplot
s.surfshading.code.tex
\c@pgfplotslibrarysurf@no=\count344

(/home/user1/.miktex/texmfs/install/tex/generic/pgfplots/sys/pgflibrarypgfplots
.surfshading.pgfsys-pdftex.def)))
(/home/user1/.miktex/texmfs/install/tex/generic/pgfplots/util/pgfplotscolormap.
code.tex
(/home/user1/.miktex/texmfs/install/tex/generic/pgfplots/util/pgfplotscolor.cod
e.tex))
(/home/user1/.miktex/texmfs/install/tex/generic/pgfplots/pgfplotsstackedplots.c
ode.tex)
(/home/user1/.miktex/texmfs/install/tex/generic/pgfplots/pgfplotsplothandlers.c
ode.tex
(/home/user1/.miktex/texmfs/install/tex/generic/pgfplots/pgfplotsmeshplothandle
r.code.tex
(/home/user1/.miktex/texmfs/install/tex/generic/pgfplots/pgfplotsmeshplotimage.
code.tex)))
(/home/user1/.miktex/texmfs/install/tex/generic/pgfplots/pgfplots.scaling.code.
tex)
(/home/user1/.miktex/texmfs/install/tex/generic/pgfplots/pgfplotscoordprocessin
g.code.tex)
(/home/user1/.miktex/texmfs/install/tex/generic/pgfplots/pgfplots.errorbars.cod
e.tex)
(/home/user1/.miktex/texmfs/install/tex/generic/pgfplots/pgfplots.markers.code.
tex)
(/home/user1/.miktex/texmfs/install/tex/generic/pgfplots/pgfplotsticks.code.tex
)
(/home/user1/.miktex/texmfs/install/tex/generic/pgfplots/pgfplots.paths.code.te
x)
(/home/user1/.miktex/texmfs/install/tex/generic/pgf/frontendlayer/tikz/librarie
s/tikzlibrarydecorations.code.tex
(/home/user1/.miktex/texmfs/install/tex/generic/pgf/modules/pgfmoduledecoration
s.code.tex
\pgfdecoratedcompleteddistance=\dimen263
\pgfdecoratedremainingdistance=\dimen264
\pgfdecoratedinputsegmentcompleteddistance=\dimen265
\pgfdecoratedinputsegmentremainingdistance=\dimen266
\pgf@decorate@distancetomove=\dimen267
\pgf@decorate@repeatstate=\count345
\pgfdecorationsegmentamplitude=\dimen268
\pgfdecorationsegmentlength=\dimen269
)
\tikz@lib@dec@box=\box66
)
(/home/user1/.miktex/texmfs/install/tex/generic/pgf/frontendlayer/tikz/librarie
s/tikzlibrarydecorations.pathmorphing.code.tex
(/home/user1/.miktex/texmfs/install/tex/generic/pgf/libraries/decorations/pgfli
brarydecorations.pathmorphing.code.tex))
(/home/user1/.miktex/texmfs/install/tex/generic/pgf/frontendlayer/tikz/librarie
s/tikzlibrarydecorations.pathreplacing.code.tex
(/home/user1/.miktex/texmfs/install/tex/generic/pgf/libraries/decorations/pgfli
brarydecorations.pathreplacing.code.tex))
(/home/user1/.miktex/texmfs/install/tex/generic/pgfplots/libs/tikzlibrarypgfplo
ts.contourlua.code.tex)
\pgfplots@numplots=\count346
\pgfplots@xmin@reg=\dimen270
\pgfplots@xmax@reg=\dimen271
\pgfplots@ymin@reg=\dimen272
\pgfplots@ymax@reg=\dimen273
\pgfplots@zmin@reg=\dimen274
\pgfplots@zmax@reg=\dimen275
)
(/home/user1/.miktex/texmfs/install/tex/generic/pgf/frontendlayer/tikz/librarie
s/tikzlibraryplotmarks.code.tex
File: tikzlibraryplotmarks.code.tex 2023-01-15 v3.1.10 (3.1.10)

(/home/user1/.miktex/texmfs/install/tex/generic/pgf/libraries/pgflibraryplotmar
ks.code.tex
File: pgflibraryplotmarks.code.tex 2023-01-15 v3.1.10 (3.1.10)
)))
(/home/user1/.miktex/texmfs/install/tex/generic/pgfplots/libs/tikzlibrarypgfplo
ts.fillbetween.code.tex
(/home/user1/.miktex/texmfs/install/tex/generic/pgfplots/pgfcontrib/tikzlibrary
fillbetween.code.tex
(/home/user1/.miktex/texmfs/install/tex/generic/pgf/frontendlayer/tikz/librarie
s/tikzlibraryintersections.code.tex
(/home/user1/.miktex/texmfs/install/tex/generic/pgf/libraries/pgflibraryinterse
ctions.code.tex
\pgf@intersect@solutions=\count347
))
(/home/user1/.miktex/texmfs/install/tex/generic/pgfplots/pgfcontrib/tikzlibrary
decorations.softclip.code.tex
(/home/user1/.miktex/texmfs/install/tex/generic/pgfplots/pgfcontrib/pgflibraryf
illbetween.code.tex)))
(/home/user1/.miktex/texmfs/install/tex/generic/pgfplots/libs/tikzlibrarypgfplo
ts.decorations.softclip.code.tex))
(/home/user1/.miktex/texmfs/install/tex/latex/jknappen/mathrsfs.sty
Package: mathrsfs 1996/01/01 Math RSFS package v1.0 (jk)
\symrsfs=\mathgroup6
)
(/home/user1/.miktex/texmfs/install/tex/generic/pgf/frontendlayer/tikz/librarie
s/tikzlibraryarrows.code.tex
File: tikzlibraryarrows.code.tex 2023-01-15 v3.1.10 (3.1.10)

(/home/user1/.miktex/texmfs/install/tex/generic/pgf/libraries/pgflibraryarrows.
code.tex
File: pgflibraryarrows.code.tex 2023-01-15 v3.1.10 (3.1.10)
\arrowsize=\dimen276
))
(/home/user1/.miktex/texmfs/install/tex/generic/pgf/frontendlayer/tikz/librarie
s/tikzlibrarycalc.code.tex
File: tikzlibrarycalc.code.tex 2023-01-15 v3.1.10 (3.1.10)
)
(/home/user1/.miktex/texmfs/install/tex/latex/geometry/geometry.sty
Package: geometry 2020/01/02 v5.9 Page Geometry

(/home/user1/.miktex/texmfs/install/tex/generic/iftex/ifvtex.sty
Package: ifvtex 2019/10/25 v1.7 ifvtex legacy package. Use iftex instead.

(/home/user1/.miktex/texmfs/install/tex/generic/iftex/iftex.sty
Package: iftex 2022/02/03 v1.0f TeX engine tests
))
\Gm@cnth=\count348
\Gm@cntv=\count349
\c@Gm@tempcnt=\count350
\Gm@bindingoffset=\dimen277
\Gm@wd@mp=\dimen278
\Gm@odd@mp=\dimen279
\Gm@even@mp=\dimen280
\Gm@layoutwidth=\dimen281
\Gm@layoutheight=\dimen282
\Gm@layouthoffset=\dimen283
\Gm@layoutvoffset=\dimen284
\Gm@dimlist=\toks58

(/home/user1/.miktex/texmfs/install/tex/latex/geometry/geometry.cfg))

Package geometry Warning: Over-specification in `h'-direction.
    `width' (483.69684pt) is ignored.


Package geometry Warning: Over-specification in `v'-direction.
    `height' (731.23582pt) is ignored.

(/home/user1/.miktex/texmfs/install/tex/latex/l3backend/l3backend-pdftex.def
File: l3backend-pdftex.def 2023-11-09 L3 backend support: PDF output (pdfTeX)
\l__color_backend_stack_int=\count351
\l__pdf_internal_box=\box67
)
(motion.aux)
\openout1 = `motion.aux'.

LaTeX Font Info:    Checking defaults for OML/cmm/m/it on input line 22.
LaTeX Font Info:    ... okay on input line 22.
LaTeX Font Info:    Checking defaults for OMS/cmsy/m/n on input line 22.
LaTeX Font Info:    ... okay on input line 22.
LaTeX Font Info:    Checking defaults for OT1/cmr/m/n on input line 22.
LaTeX Font Info:    ... okay on input line 22.
LaTeX Font Info:    Checking defaults for T1/cmr/m/n on input line 22.
LaTeX Font Info:    ... okay on input line 22.
LaTeX Font Info:    Checking defaults for TS1/cmr/m/n on input line 22.
LaTeX Font Info:    ... okay on input line 22.
LaTeX Font Info:    Checking defaults for OMX/cmex/m/n on input line 22.
LaTeX Font Info:    ... okay on input line 22.
LaTeX Font Info:    Checking defaults for U/cmr/m/n on input line 22.
LaTeX Font Info:    ... okay on input line 22.

(/home/user1/.miktex/texmfs/install/tex/context/base/mkii/supp-pdf.mkii
[Loading MPS to PDF converter (version 2006.09.02).]
\scratchcounter=\count352
\scratchdimen=\dimen285
\scratchbox=\box68
\nofMPsegments=\count353
\nofMParguments=\count354
\everyMPshowfont=\toks59
\MPscratchCnt=\count355
\MPscratchDim=\dimen286
\MPnumerator=\count356
\makeMPintoPDFobject=\count357
\everyMPtoPDFconversion=\toks60
) (/home/user1/.miktex/texmfs/install/tex/latex/epstopdf-pkg/epstopdf-base.sty
Package: epstopdf-base 2020-01-24 v2.11 Base part for package epstopdf
Package epstopdf-base Info: Redefining graphics rule for `.eps' on input line 4
85.

(/home/user1/.miktex/texmfs/install/tex/latex/00miktex/epstopdf-sys.cfg
File: epstopdf-sys.cfg 2021/03/18 v2.0 Configuration of epstopdf for MiKTeX
))
Package pgfplots notification 'compat/show suggested version=true': you might b
enefit from \pgfplotsset{compat=1.18} (current compat level: 1.15).

*geometry* driver: auto-detecting
*geometry* detected driver: pdftex
*geometry* verbose mode - [ preamble ] result:
* driver: pdftex
* paper: a4paper
* layout: <same size as paper>
* layoutoffset:(h,v)=(0.0pt,0.0pt)
* modes: 
* h-part:(L,W,R)=(42.67912pt, 512.14963pt, 42.67912pt)
* v-part:(T,H,B)=(14.22636pt, 773.91498pt, 56.9055pt)
* \paperwidth=597.50787pt
* \paperheight=845.04684pt
* \textwidth=512.14963pt
* \textheight=773.91498pt
* \oddsidemargin=-29.59087pt
* \evensidemargin=-29.59087pt
* \topmargin=-88.04362pt
* \headheight=15.0pt
* \headsep=15.0pt
* \topskip=12.0pt
* \footskip=29.0pt
* \marginparwidth=36.135pt
* \marginparsep=5.0pt
* \columnsep=10.0pt
* \skip\footins=10.8pt plus 4.0pt minus 2.0pt
* \hoffset=0.0pt
* \voffset=0.0pt
* \mag=1000
* \@twocolumnfalse
* \@twosidefalse
* \@mparswitchfalse
* \@reversemarginfalse
* (1in=72.27pt=25.4mm, 1cm=28.453pt)

LaTeX Font Info:    Trying to load font information for U+msa on input line 24.

(/home/user1/.miktex/texmfs/install/tex/latex/amsfonts/umsa.fd
File: umsa.fd 2013/01/14 v3.01 AMS symbols A
)
LaTeX Font Info:    Trying to load font information for U+msb on input line 24.


(/home/user1/.miktex/texmfs/install/tex/latex/amsfonts/umsb.fd
File: umsb.fd 2013/01/14 v3.01 AMS symbols B
)
LaTeX Font Info:    Trying to load font information for U+rsfs on input line 24
.

(/home/user1/.miktex/texmfs/install/tex/latex/jknappen/ursfs.fd
File: ursfs.fd 1998/03/24 rsfs font definition file (jk)
) [1

{/home/user1/.miktex/texmfs/data/fonts/map/pdftex/pdftex.map}] [2]
<graph1.png, id=18, 523.9575pt x 401.5pt>
File: graph1.png Graphic file (type png)
<use graph1.png>
Package pdftex.def Info: graph1.png  used on input line 68.
(pdftex.def)             Requested size: 157.18846pt x 120.45091pt.
 [3 <./graph1.png>]
<graph2.png, id=24, 481.8pt x 353.32pt>
File: graph2.png Graphic file (type png)
<use graph2.png>
Package pdftex.def Info: graph2.png  used on input line 88.
(pdftex.def)             Requested size: 144.5411pt x 105.99681pt.

[4 <./graph2.png>] [5]
<graph3.jpeg, id=36, 211.0284pt x 205.2468pt>
File: graph3.jpeg Graphic file (type jpg)
<use graph3.jpeg>
Package pdftex.def Info: graph3.jpeg  used on input line 113.
(pdftex.def)             Requested size: 168.82294pt x 164.19765pt.
 [6 <./graph3.jpeg>]
<pic4.png, id=40, 704.6325pt x 309.155pt>
File: pic4.png Graphic file (type png)
<use pic4.png>
Package pdftex.def Info: pic4.png  used on input line 129.
(pdftex.def)             Requested size: 211.39139pt x 92.74721pt.
 [7 <./pic4.png>] [8]
This exam contains 26 questions with 0 parts, 0 subparts, and 0 subsubparts.
This exam has a total of 0 points.
This exam has a total of 0 bonus points.
(motion.aux)
 ***********
LaTeX2e <2023-11-01>
L3 programming layer <2023-11-09>
 ***********
 ) 
Here is how much of TeX's memory you used:
 26785 strings out of 476517
 676034 string characters out of 5797388
 1935555 words of memory out of 5000000
 48299 multiletter control sequences out of 15000+600000
 568159 words of font info for 77 fonts, out of 8000000 for 9000
 0 hyphenation exceptions out of 8191
 69i,10n,79p,729b,609s stack positions out of 10000i,1000n,20000p,200000b,200000s
 </home/user1/.miktex/texmfs/data/fonts/pk/ljfour/jknappen/ec/dpi600/tcrm1200
.pk></home/user1/.miktex/texmfs/install/fonts/type1/public/amsfonts/cm/cmbx12.p
fb></home/user1/.miktex/texmfs/install/fonts/type1/public/amsfonts/cm/cmmi12.pf
b></home/user1/.miktex/texmfs/install/fonts/type1/public/amsfonts/cm/cmmi6.pfb>
</home/user1/.miktex/texmfs/install/fonts/type1/public/amsfonts/cm/cmmi8.pfb></
home/user1/.miktex/texmfs/install/fonts/type1/public/amsfonts/cm/cmr12.pfb></ho
me/user1/.miktex/texmfs/install/fonts/type1/public/amsfonts/cm/cmr17.pfb></home
/user1/.miktex/texmfs/install/fonts/type1/public/amsfonts/cm/cmr8.pfb></home/us
er1/.miktex/texmfs/install/fonts/type1/public/amsfonts/cm/cmsy10.pfb></home/use
r1/.miktex/texmfs/install/fonts/type1/public/amsfonts/cm/cmsy6.pfb></home/user1
/.miktex/texmfs/install/fonts/type1/public/amsfonts/cm/cmsy8.pfb>
Output written on motion.pdf (8 pages, 296652 bytes).
PDF statistics:
 95 PDF objects out of 1000 (max. 8388607)
 0 named destinations out of 1000 (max. 500000)
 33 words of extra memory for PDF output out of 10000 (max. 10000000)

